WhatsappMessengerView/build/intermediates/manifest_merge_blame_file/release/manifest-merger-blame-release-report.txt
1<?xml version="1.0" encoding="utf-8"?>
2<manifest xmlns:android="http://schemas.android.com/apk/res/android"
3    package="com.varunjohn1990.audio_record_view" >
4
5    <uses-sdk
6        android:minSdkVersion="21"
6-->src\main\AndroidManifest.xml
7        android:targetSdkVersion="29" />
7-->src\main\AndroidManifest.xml
8
9    <application
9-->src\main\AndroidManifest.xml:5:3-8:40
10        android:allowBackup="true"
10-->src\main\AndroidManifest.xml:6:7-33
11        android:supportsRtl="true"
11-->src\main\AndroidManifest.xml:7:7-33
12        android:theme="@style/AppTheme" />
12-->src\main\AndroidManifest.xml:8:7-38
13
14</manifest>